#
# There is insufficient memory for the Java Runtime Environment to continue.
# Native memory allocation (malloc) failed to allocate 1048576 bytes. Error detail: AllocateHeap
# Possible reasons:
#   The system is out of physical RAM or swap space
#   This process is running with CompressedOops enabled, and the Java Heap may be blocking the growth of the native heap
# Possible solutions:
#   Reduce memory load on the system
#   Increase physical memory or swap space
#   Check if swap backing store is full
#   Decrease Java heap size (-Xmx/-Xms)
#   Decrease number of Java threads
#   Decrease Java thread stack sizes (-Xss)
#   Set larger code cache with -XX:ReservedCodeCacheSize=
#   JVM is running with Zero Based Compressed Oops mode in which the Java heap is
#     placed in the first 32GB address space. The Java Heap base address is the
#     maximum limit for the native heap growth. Please use -XX:HeapBaseMinAddress
#     to set the Java Heap base and to place the Java Heap above 32GB virtual address.
# This output file may be truncated or incomplete.
#
#  Out of Memory Error (allocation.cpp:44), pid=35736, tid=18696
#
# JRE version:  (22.0.2+9) (build )
# Java VM: Java HotSpot(TM) 64-Bit Server VM (22.0.2+9-70, mixed mode, sharing, tiered, compressed oops, compressed class ptrs, g1 gc, windows-amd64)
# No core dump will be written. Minidumps are not enabled by default on client versions of Windows
#

---------------  S U M M A R Y ------------

Command Line: -Dfile.encoding=UTF-8 --module-path=C:\Users\alish\OneDrive\Documents\NetBeansProjects\Quiz Application\build\classes quiz.application.Quiz

Host: 12th Gen Intel(R) Core(TM) i5-1235U, 12 cores, 15G,  Windows 11 , 64 bit Build 22621 (10.0.22621.3958)
Time: Thu Sep  5 15:55:36 2024 India Standard Time elapsed time: 0.014683 seconds (0d 0h 0m 0s)

---------------  T H R E A D  ---------------

Current thread (0x000001d9e76d32f0):  JavaThread "Unknown thread" [_thread_in_vm, id=18696, stack(0x000000a75ab00000,0x000000a75ac00000) (1024K)]

Stack: [0x000000a75ab00000,0x000000a75ac00000]
Native frames: (J=compiled Java code, j=interpreted, Vv=VM code, C=native code)
V  [jvm.dll+0x6e26e9]  (no source info available)
V  [jvm.dll+0x875753]  (no source info available)
V  [jvm.dll+0x877b7e]  (no source info available)
V  [jvm.dll+0x878253]  (no source info available)
V  [jvm.dll+0x27fc86]  (no source info available)
V  [jvm.dll+0xbe877]  (no source info available)
V  [jvm.dll+0x335144]  (no source info available)
V  [jvm.dll+0x32d22e]  (no source info available)
V  [jvm.dll+0x83d5ac]  (no source info available)
V  [jvm.dll+0x3c10d1]  (no source info available)
V  [jvm.dll+0x8264cc]  (no source info available)
V  [jvm.dll+0x45bd5e]  (no source info available)
V  [jvm.dll+0x45dbe1]  (no source info available)
C  [jli.dll+0x52a3]  (no source info available)
C  [ucrtbase.dll+0x29333]  (no source info available)
C  [KERNEL32.DLL+0x1257d]  (no source info available)
C  [ntdll.dll+0x5af28]  (no source info available)


---------------  P R O C E S S  ---------------

Threads class SMR info:
_java_thread_list=0x00007ffacf72c1c8, length=0, elements={
}

Java Threads: ( => current thread )
Total: 0

Other Threads:
  0x000001d9e773f770 WorkerThread "GC Thread#0"                     [id=31068, stack(0x000000a75ac00000,0x000000a75ad00000) (1024K)]

[error occurred during error reporting (printing all threads), id 0xc0000005, EXCEPTION_ACCESS_VIOLATION (0xc0000005) at pc=0x00007ffacee79c30]
VM state: not at safepoint (not fully initialized)

VM Mutex/Monitor currently owned by a thread:  ([mutex/lock_event])
[0x00007ffacf7acc80] Heap_lock - owner thread: 0x000001d9e76d32f0

Heap address: 0x0000000704a00000, size: 4022 MB, Compressed Oops mode: Zero based, Oop shift amount: 3

CDS archive(s) mapped at: [0x0000000000000000-0x0000000000000000-0x0000000000000000), size 0, SharedBaseAddress: 0x0000000800000000, ArchiveRelocationMode: 1.
Narrow klass base: 0x0000000000000000, Narrow klass shift: 0, Narrow klass range: 0x0

GC Precious Log:
 CardTable entry size: 512
 Card Set container configuration: InlinePtr #cards 4 size 8 Array Of Cards #cards 16 size 48 Howl #buckets 8 coarsen threshold 3686 Howl Bitmap #cards 512 size 80 coarsen threshold 460 Card regions per heap region 1 cards per card region 4096

Heap:
 garbage-first heap   total reserved 4118528K, committed 0K, used 0K [0x0000000704a00000, 0x0000000800000000)
  region size 2048K, 0 young (0K), 0 survivors (0K)

[error occurred during error reporting (printing heap information), id 0xc0000005, EXCEPTION_ACCESS_VIOLATION (0xc0000005) at pc=0x00007ffacf27e869]
GC Heap History (0 events):
No events

Dll operation events (1 events):
Event: 0.009 Loaded shared library C:\Program Files\Java\jdk-22\bin\java.dll

Deoptimization events (0 events):
No events

Classes loaded (0 events):
No events

Classes unloaded (0 events):
No events

Classes redefined (0 events):
No events

Internal exceptions (0 events):
No events

ZGC Phase Switch (0 events):
No events

VM Operations (0 events):
No events

Memory protections (0 events):
No events

Nmethod flushes (0 events):
No events

Events (0 events):
No events


Dynamic libraries:
0x00007ff7ae700000 - 0x00007ff7ae710000 	C:\Program Files\Java\jdk-22\bin\java.exe
0x00007ffb6ba90000 - 0x00007ffb6bca7000 	C:\Windows\SYSTEM32\ntdll.dll
0x00007ffb69c10000 - 0x00007ffb69cd4000 	C:\Windows\System32\KERNEL32.DLL
0x00007ffb69280000 - 0x00007ffb6962d000 	C:\Windows\System32\KERNELBASE.dll
0x000000006d920000 - 0x000000006dc52000 	C:\Program Files\Norton Security\NortonData\22.23.5.106\Definitions\IPSDefs\20240328.064\IPSEng64.dll
0x00007ffb69d90000 - 0x00007ffb69e42000 	C:\Windows\System32\ADVAPI32.dll
0x00007ffb6a5a0000 - 0x00007ffb6a647000 	C:\Windows\System32\msvcrt.dll
0x00007ffb69ce0000 - 0x00007ffb69d89000 	C:\Windows\System32\sechost.dll
0x00007ffb69790000 - 0x00007ffb697b8000 	C:\Windows\System32\bcrypt.dll
0x00007ffb69ef0000 - 0x00007ffb6a004000 	C:\Windows\System32\RPCRT4.dll
0x00007ffb6a750000 - 0x00007ffb6a758000 	C:\Windows\System32\PSAPI.DLL
0x00007ffb690e0000 - 0x00007ffb691f1000 	C:\Windows\System32\ucrtbase.dll
0x00007ffb5f980000 - 0x00007ffb5f997000 	C:\Program Files\Java\jdk-22\bin\jli.dll
0x00007ffb5f9a0000 - 0x00007ffb5f9bb000 	C:\Program Files\Java\jdk-22\bin\VCRUNTIME140.dll
0x00007ffb69850000 - 0x00007ffb699fe000 	C:\Windows\System32\USER32.dll
0x00007ffb68db0000 - 0x00007ffb68dd6000 	C:\Windows\System32\win32u.dll
0x00007ffb6b320000 - 0x00007ffb6b349000 	C:\Windows\System32\GDI32.dll
0x00007ffb68f50000 - 0x00007ffb69069000 	C:\Windows\System32\gdi32full.dll
0x00007ffb40d20000 - 0x00007ffb40fb3000 	C:\Windows\WinSxS\amd64_microsoft.windows.common-controls_6595b64144ccf1df_6.0.22621.3672_none_2713b9d173822955\COMCTL32.dll
0x00007ffb69630000 - 0x00007ffb696ca000 	C:\Windows\System32\msvcp_win.dll
0x00007ffb69e50000 - 0x00007ffb69e81000 	C:\Windows\System32\IMM32.DLL
0x00007ffb65ad0000 - 0x00007ffb65adc000 	C:\Program Files\Java\jdk-22\bin\vcruntime140_1.dll
0x00007ffb3bee0000 - 0x00007ffb3bf6e000 	C:\Program Files\Java\jdk-22\bin\msvcp140.dll
0x00007ffaceb40000 - 0x00007ffacf889000 	C:\Program Files\Java\jdk-22\bin\server\jvm.dll
0x00007ffb6b3d0000 - 0x00007ffb6b441000 	C:\Windows\System32\WS2_32.dll
0x00007ffb68bc0000 - 0x00007ffb68c0d000 	C:\Windows\SYSTEM32\POWRPROF.dll
0x00007ffb63190000 - 0x00007ffb631c4000 	C:\Windows\SYSTEM32\WINMM.dll
0x00007ffb60610000 - 0x00007ffb6061a000 	C:\Windows\SYSTEM32\VERSION.dll
0x00007ffb68aa0000 - 0x00007ffb68ab3000 	C:\Windows\SYSTEM32\UMPDC.dll
0x00007ffb67db0000 - 0x00007ffb67dc8000 	C:\Windows\SYSTEM32\kernel.appcore.dll
0x00007ffb64360000 - 0x00007ffb6436a000 	C:\Program Files\Java\jdk-22\bin\jimage.dll
0x00007ffb66550000 - 0x00007ffb66782000 	C:\Windows\SYSTEM32\DBGHELP.DLL
0x00007ffb6a110000 - 0x00007ffb6a49d000 	C:\Windows\System32\combase.dll
0x00007ffb6a4a0000 - 0x00007ffb6a577000 	C:\Windows\System32\OLEAUT32.dll
0x00007ffb41b40000 - 0x00007ffb41b72000 	C:\Windows\SYSTEM32\dbgcore.DLL
0x00007ffb69200000 - 0x00007ffb6927b000 	C:\Windows\System32\bcryptPrimitives.dll
0x00007ffb41750000 - 0x00007ffb4176e000 	C:\Program Files\Java\jdk-22\bin\java.dll
0x00007ffb6a760000 - 0x00007ffb6afc8000 	C:\Windows\System32\SHELL32.dll
0x00007ffb69a60000 - 0x00007ffb69c05000 	C:\Windows\System32\ole32.dll

dbghelp: loaded successfully - version: 4.0.5 - missing functions: none
symbol engine: initialized successfully - sym options: 0x614 - pdb path: .;C:\Program Files\Java\jdk-22\bin;C:\Windows\SYSTEM32;C:\Program Files\Norton Security\NortonData\22.23.5.106\Definitions\IPSDefs\20240328.064;C:\Windows\WinSxS\amd64_microsoft.windows.common-controls_6595b64144ccf1df_6.0.22621.3672_none_2713b9d173822955;C:\Program Files\Java\jdk-22\bin\server

VM Arguments:
jvm_args: -Dfile.encoding=UTF-8 --module-path=C:\Users\alish\OneDrive\Documents\NetBeansProjects\Quiz Application\build\classes 
java_command: quiz.application.Quiz
java_class_path (initial): C:\Users\alish\OneDrive\Documents\NetBeansProjects\Quiz Application\build\classes
Launcher Type: SUN_STANDARD

[Global flags]
     intx CICompilerCount                          = 4                                         {product} {ergonomic}
     uint ConcGCThreads                            = 3                                         {product} {ergonomic}
     uint G1ConcRefinementThreads                  = 10                                        {product} {ergonomic}
   size_t G1HeapRegionSize                         = 2097152                                   {product} {ergonomic}
   size_t InitialHeapSize                          = 264241152                                 {product} {ergonomic}
   size_t MarkStackSize                            = 4194304                                   {product} {ergonomic}
   size_t MaxHeapSize                              = 4217372672                                {product} {ergonomic}
   size_t MinHeapDeltaBytes                        = 2097152                                   {product} {ergonomic}
   size_t MinHeapSize                              = 8388608                                   {product} {ergonomic}
    uintx NonNMethodCodeHeapSize                   = 5839372                                {pd product} {ergonomic}
    uintx NonProfiledCodeHeapSize                  = 122909434                              {pd product} {ergonomic}
    uintx ProfiledCodeHeapSize                     = 122909434                              {pd product} {ergonomic}
    uintx ReservedCodeCacheSize                    = 251658240                              {pd product} {ergonomic}
     bool SegmentedCodeCache                       = true                                      {product} {ergonomic}
   size_t SoftMaxHeapSize                          = 4217372672                             {manageable} {ergonomic}
     bool UseCompressedOops                        = true                           {product lp64_product} {ergonomic}
     bool UseG1GC                                  = true                                      {product} {ergonomic}
     bool UseLargePagesIndividualAllocation        = false                                  {pd product} {ergonomic}

Logging:
Log output configuration:
 #0: stdout all=warning uptime,level,tags foldmultilines=false
 #1: stderr all=off uptime,level,tags foldmultilines=false

Environment Variables:
PATH=C:\Program Files\Common Files\Oracle\Java\javapath;C:\Windows\system32;C:\Windows;C:\Windows\System32\Wbem;C:\Windows\System32\WindowsPowerShell\v1.0\;C:\Windows\System32\OpenSSH\;C:\apache maven unzipped\apache-maven-3.9.9\bin;C:\Program Files\Git\cmd;C:\Program Files\MySQL\MySQL Server 8.0\bin;C:\Program Files\MySQL\MySQL Shell 8.0\bin\;C:\Users\alish\AppData\Local\Microsoft\WindowsApps;
USERNAME=alish
OS=Windows_NT
PROCESSOR_IDENTIFIER=Intel64 Family 6 Model 154 Stepping 4, GenuineIntel
TMP=C:\Users\alish\AppData\Local\Temp
TEMP=C:\Users\alish\AppData\Local\Temp




Periodic native trim disabled

---------------  S Y S T E M  ---------------

OS:
 Windows 11 , 64 bit Build 22621 (10.0.22621.3958)
OS uptime: 6 days 1:13 hours
Hyper-V role detected

CPU: total 12 (initial active 12) (6 cores per cpu, 2 threads per core) family 6 model 154 stepping 4 microcode 0x424, cx8, cmov, fxsr, ht, mmx, 3dnowpref, sse, sse2, sse3, ssse3, sse4.1, sse4.2, popcnt, lzcnt, tsc, tscinvbit, avx, avx2, aes, erms, clmul, bmi1, bmi2, adx, sha, fma, vzeroupper, clflush, clflushopt, clwb, hv, serialize, rdtscp, rdpid, fsrm, f16c, cet_ibt, cet_ss
Processor Information for all 12 processors :
  Max Mhz: 1300, Current Mhz: 1300, Mhz Limit: 1300

Memory: 4k page, system-wide physical 16087M (3375M free)
TotalPageFile size 65239M (AvailPageFile size 6M)
current process WorkingSet (physical memory assigned to process): 13M, peak: 13M
current process commit charge ("private bytes"): 57M, peak: 58M

vm_info: Java HotSpot(TM) 64-Bit Server VM (22.0.2+9-70) for windows-amd64 JRE (22.0.2+9-70), built on 2024-06-04T16:52:23Z by "mach5one" with MS VC++ 17.6 (VS2022)

END.
